<?xml version="1.0" encoding="UTF-8"?>
<!-- Generated by org.testng.reporters.JUnitReportReporter -->
<testsuite skipped="0" hostname="SirajJafri" name="com.qa.test.DemoTest" tests="1" failures="0" timestamp="25 Feb 2018 07:56:02 GMT" time="0.007" errors="0">
  <testcase name="first" time="0.007" classname="com.qa.test.DemoTest"/>
</testsuite> <!-- com.qa.test.DemoTest -->
